<?xml version="1.0" encoding="UTF-8"?>
<testng-results ignored="0" total="2" passed="2" failed="0" skipped="0">
  <reporter-output>
  </reporter-output>
  <suite started-at="2022-05-07T00:09:52 EDT" name="inetBankingProject" finished-at="2022-05-07T00:11:27 EDT" duration-ms="94912">
    <groups>
    </groups>
    <test started-at="2022-05-07T00:09:52 EDT" name="Banking app test1" finished-at="2022-05-07T00:10:11 EDT" duration-ms="19043">
      <class name="com.inetBankingProject.testCases.TC_LoginPage_001">
        <test-method is-config="true" signature="setup(java.lang.String)[pri:0, instance:com.inetBankingProject.testCases.TC_LoginPage_001@51c668e3]" started-at="2022-05-07T00:09:53 EDT" name="setup" finished-at="2022-05-07T00:10:07 EDT" duration-ms="14201" status="PASS">
          <params>
            <param index="0">
              <value>
                <![CDATA[chrome]]>
              </value>
            </param>
          </params>
          <reporter-output>
          </reporter-output>
        </test-method> <!-- setup -->
        <test-method signature="loginTest()[pri:0, instance:com.inetBankingProject.testCases.TC_LoginPage_001@51c668e3]" started-at="2022-05-07T00:10:07 EDT" name="loginTest" finished-at="2022-05-07T00:10:10 EDT" duration-ms="2675" status="PASS">
          <reporter-output>
          </reporter-output>
        </test-method> <!-- loginTest -->
        <test-method is-config="true" signature="tearDown()[pri:0, instance:com.inetBankingProject.testCases.TC_LoginPage_001@51c668e3]" started-at="2022-05-07T00:10:10 EDT" name="tearDown" finished-at="2022-05-07T00:10:11 EDT" duration-ms="1653" status="PASS">
          <reporter-output>
          </reporter-output>
        </test-method> <!-- tearDown -->
      </class> <!-- com.inetBankingProject.testCases.TC_LoginPage_001 -->
    </test> <!-- Banking app test1 -->
    <test started-at="2022-05-07T00:09:52 EDT" name="Banking app test2" finished-at="2022-05-07T00:11:27 EDT" duration-ms="94911">
      <class name="com.inetBankingProject.testCases.TC_LoginPage_001">
        <test-method is-config="true" signature="setup(java.lang.String)[pri:0, instance:com.inetBankingProject.testCases.TC_LoginPage_001@53fe15ff]" started-at="2022-05-07T00:09:52 EDT" name="setup" finished-at="2022-05-07T00:11:06 EDT" duration-ms="73339" status="PASS">
          <params>
            <param index="0">
              <value>
                <![CDATA[firefox]]>
              </value>
            </param>
          </params>
          <reporter-output>
          </reporter-output>
        </test-method> <!-- setup -->
        <test-method signature="loginTest()[pri:0, instance:com.inetBankingProject.testCases.TC_LoginPage_001@53fe15ff]" started-at="2022-05-07T00:11:06 EDT" name="loginTest" finished-at="2022-05-07T00:11:22 EDT" duration-ms="16203" status="PASS">
          <reporter-output>
          </reporter-output>
        </test-method> <!-- loginTest -->
        <test-method is-config="true" signature="tearDown()[pri:0, instance:com.inetBankingProject.testCases.TC_LoginPage_001@53fe15ff]" started-at="2022-05-07T00:11:22 EDT" name="tearDown" finished-at="2022-05-07T00:11:27 EDT" duration-ms="5112" status="PASS">
          <reporter-output>
          </reporter-output>
        </test-method> <!-- tearDown -->
      </class> <!-- com.inetBankingProject.testCases.TC_LoginPage_001 -->
    </test> <!-- Banking app test2 -->
  </suite> <!-- inetBankingProject -->
</testng-results>
